    OpenRGB v0.9+ (git1948)
    Commit: f67030fcc7b9bf0688a955821a4ad9ac7b3b238e from 2026-05-18 07:30:37 -0500
    Launched: 20260522_183449
====================================================================================================

52    |Info:    [ResourceManager] Initializing HID interfaces: Success
52    |Info:    ------------------------------------------------------
52    |Info:    |               Start device detection               |
52    |Info:    ------------------------------------------------------
54    |Info:    ------------------------------------------------------
54    |Info:    |             Detecting I2C interfaces               |
54    |Info:    ------------------------------------------------------
55    |Info:    [ResourceManager] Registering I2C interface: Synopsys DesignWare I2C adapter (/dev/i2c-3) Device 0000:0000 Subsystem: 0000:0000
55    |Info:    [ResourceManager] Registering I2C interface: NVIDIA i2c adapter 5 at 1:00.0
 (/dev/i2c-1) Device 10DE:21C4 Subsystem: 1043:873A
55    |Info:    [ResourceManager] Registering I2C interface: NVIDIA GPU I2C adapter (/dev/i2c-4) Device 10DE:1AED Subsystem: 1043:873A
55    |Info:    [ResourceManager] Registering I2C interface: NVIDIA i2c adapter 6 at 1:00.0
 (/dev/i2c-2) Device 10DE:21C4 Subsystem: 1043:873A
55    |Info:    [ResourceManager] Registering I2C interface: NVIDIA i2c adapter 3 at 1:00.0
 (/dev/i2c-0) Device 10DE:21C4 Subsystem: 1043:873A
55    |Info:    [ResourceManager] Registering I2C interface: SMBus I801 adapter at 0000:00:1f.4 (/dev/i2c-5) Device 8086:43A3 Subsystem: 1043:8694
55    |Info:    ------------------------------------------------------
55    |Info:    |               Detecting I2C devices                |
55    |Info:    ------------------------------------------------------
346   |Info:    ------------------------------------------------------
346   |Info:    |            Detecting I2C DIMM modules              |
346   |Info:    ------------------------------------------------------
635   |Info:    [ResourceManager] Detected occupied slot 2, bus 5, type DDR4
1109  |Info:    [ResourceManager] Detected occupied slot 4, bus 5, type DDR4
1550  |Info:    ------------------------------------------------------
1550  |Info:    |               Detecting I2C PCI devices            |
1550  |Info:    ------------------------------------------------------
1551  |Info:    ------------------------------------------------------
1551  |Info:    |               Detecting HID devices                |
1551  |Info:    ------------------------------------------------------
1565  |Info:    [KLM] Created new Seventy Five percent ANSI QWERTY with 6 rows and 14 columns containing 74 keys
1565  |Info:    [AULA F75] Registering RGB controller
1641  |Info:    [ASUS PRIME B560M-A] Registering RGB controller
1641  |Info:    ------------------------------------------------------
1641  |Info:    |            Detecting libusb HID devices            |
1641  |Info:    ------------------------------------------------------
1653  |Info:    ------------------------------------------------------
1653  |Info:    |              Detecting other devices               |
1653  |Info:    ------------------------------------------------------
1668  |Info:    [ResourceManager] Calling Post-detection callbacks
1668  |Info:    ------------------------------------------------------
1668  |Info:    |                Detection completed                 |
1668  |Info:    ------------------------------------------------------
1117702|Info:    [ResourceManager] Initializing HID interfaces: Success
1117702|Info:    ------------------------------------------------------
1117702|Info:    |               Start device detection               |
1117702|Info:    ------------------------------------------------------
1117705|Info:    ------------------------------------------------------
1117705|Info:    |             Detecting I2C interfaces               |
1117705|Info:    ------------------------------------------------------
1117705|Info:    [ResourceManager] Registering I2C interface: Synopsys DesignWare I2C adapter (/dev/i2c-3) Device 0000:0000 Subsystem: 0000:0000
1117705|Info:    [ResourceManager] Registering I2C interface: NVIDIA i2c adapter 5 at 1:00.0
 (/dev/i2c-1) Device 10DE:21C4 Subsystem: 1043:873A
1117705|Info:    [ResourceManager] Registering I2C interface: NVIDIA GPU I2C adapter (/dev/i2c-4) Device 10DE:1AED Subsystem: 1043:873A
1117705|Info:    [ResourceManager] Registering I2C interface: NVIDIA i2c adapter 6 at 1:00.0
 (/dev/i2c-2) Device 10DE:21C4 Subsystem: 1043:873A
1117705|Info:    [ResourceManager] Registering I2C interface: NVIDIA i2c adapter 3 at 1:00.0
 (/dev/i2c-0) Device 10DE:21C4 Subsystem: 1043:873A
1117705|Info:    [ResourceManager] Registering I2C interface: SMBus I801 adapter at 0000:00:1f.4 (/dev/i2c-5) Device 8086:43A3 Subsystem: 1043:8694
1117705|Info:    ------------------------------------------------------
1117705|Info:    |               Detecting I2C devices                |
1117705|Info:    ------------------------------------------------------
1117996|Info:    ------------------------------------------------------
1117996|Info:    |            Detecting I2C DIMM modules              |
1117996|Info:    ------------------------------------------------------
1118285|Info:    [ResourceManager] Detected occupied slot 2, bus 5, type DDR4
1118758|Info:    [ResourceManager] Detected occupied slot 4, bus 5, type DDR4
1119199|Info:    ------------------------------------------------------
1119199|Info:    |               Detecting I2C PCI devices            |
1119199|Info:    ------------------------------------------------------
1119201|Info:    ------------------------------------------------------
1119201|Info:    |               Detecting HID devices                |
1119201|Info:    ------------------------------------------------------
1119215|Info:    [KLM] Created new Seventy Five percent ANSI QWERTY with 6 rows and 14 columns containing 74 keys
1119215|Info:    [AULA F75] Registering RGB controller
1119288|Info:    [ASUS PRIME B560M-A] Registering RGB controller
1119288|Info:    ------------------------------------------------------
1119288|Info:    |            Detecting libusb HID devices            |
1119288|Info:    ------------------------------------------------------
1119297|Info:    ------------------------------------------------------
1119297|Info:    |              Detecting other devices               |
1119297|Info:    ------------------------------------------------------
1119301|Info:    [ResourceManager] Calling Post-detection callbacks
1119301|Info:    ------------------------------------------------------
1119301|Info:    |                Detection completed                 |
1119301|Info:    ------------------------------------------------------
3881698|Info:    [ProfileManager] Found file: 21.orp attempting to validate header
3881698|Info:    [ProfileManager] Valid v5 profile found for 21
