    OpenRGB v0.9+ (git1948)
    Commit: f67030fcc7b9bf0688a955821a4ad9ac7b3b238e from 2026-05-18 07:30:37 -0500
    Launched: 20260619_150833
====================================================================================================

5     |Info:    [ProfileManager] Found file: 21.orp attempting to validate header
8     |Info:    [ProfileManager] Valid v5 profile found for 21
136   |Info:    [ResourceManager] Initializing HID interfaces: Success
680   |Info:    ------------------------------------------------------
680   |Info:    |               Start device detection               |
680   |Info:    ------------------------------------------------------
683   |Info:    ------------------------------------------------------
683   |Info:    |             Detecting I2C interfaces               |
683   |Info:    ------------------------------------------------------
683   |Info:    [ResourceManager] Registering I2C interface: Synopsys DesignWare I2C adapter (/dev/i2c-3) Device 0000:0000 Subsystem: 0000:0000
683   |Info:    [ResourceManager] Registering I2C interface: NVIDIA i2c adapter 5 at 1:00.0
 (/dev/i2c-1) Device 10DE:21C4 Subsystem: 1043:873A
683   |Info:    [ResourceManager] Registering I2C interface: NVIDIA GPU I2C adapter (/dev/i2c-4) Device 10DE:1AED Subsystem: 1043:873A
683   |Info:    [ResourceManager] Registering I2C interface: NVIDIA i2c adapter 6 at 1:00.0
 (/dev/i2c-2) Device 10DE:21C4 Subsystem: 1043:873A
683   |Info:    [ResourceManager] Registering I2C interface: NVIDIA i2c adapter 3 at 1:00.0
 (/dev/i2c-0) Device 10DE:21C4 Subsystem: 1043:873A
683   |Info:    [ResourceManager] Registering I2C interface: SMBus I801 adapter at 0000:00:1f.4 (/dev/i2c-5) Device 8086:43A3 Subsystem: 1043:8694
683   |Info:    ------------------------------------------------------
683   |Info:    |               Detecting I2C devices                |
683   |Info:    ------------------------------------------------------
1050  |Info:    ------------------------------------------------------
1050  |Info:    |            Detecting I2C DIMM modules              |
1050  |Info:    ------------------------------------------------------
1340  |Info:    [ResourceManager] Detected occupied slot 2, bus 5, type DDR4
1816  |Info:    [ResourceManager] Detected occupied slot 4, bus 5, type DDR4
2259  |Info:    ------------------------------------------------------
2259  |Info:    |               Detecting I2C PCI devices            |
2259  |Info:    ------------------------------------------------------
2261  |Info:    ------------------------------------------------------
2261  |Info:    |               Detecting HID devices                |
2261  |Info:    ------------------------------------------------------
2276  |Info:    [KLM] Created new Seventy Five percent ANSI QWERTY with 6 rows and 14 columns containing 74 keys
2276  |Info:    [AULA F75] Registering RGB controller
2351  |Info:    [ASUS PRIME B560M-A] Registering RGB controller
2351  |Info:    ------------------------------------------------------
2351  |Info:    |            Detecting libusb HID devices            |
2351  |Info:    ------------------------------------------------------
2428  |Info:    ------------------------------------------------------
2428  |Info:    |              Detecting other devices               |
2428  |Info:    ------------------------------------------------------
2486  |Info:    [ResourceManager] Calling Post-detection callbacks
2486  |Info:    ------------------------------------------------------
2486  |Info:    |                Detection completed                 |
2486  |Info:    ------------------------------------------------------
2486  |Info:    [ProfileManager] Profile loading: Succeeded for AULA F75 @ HID: /dev/hidraw3
2486  |Info:    [ProfileManager] Profile loading: Succeeded for ASUS PRIME B560M-A @ HID: /dev/hidraw0
