    OpenRGB v0.9+ (git1948)
    Commit: f67030fcc7b9bf0688a955821a4ad9ac7b3b238e from 2026-05-18 07:30:37 -0500
    Launched: 20260612_202421
====================================================================================================

60    |Info:    [ProfileManager] Found file: 21.orp attempting to validate header
62    |Info:    [ProfileManager] Valid v5 profile found for 21
144   |Info:    [ResourceManager] Initializing HID interfaces: Success
144   |Info:    ------------------------------------------------------
144   |Info:    |               Start device detection               |
144   |Info:    ------------------------------------------------------
148   |Info:    ------------------------------------------------------
148   |Info:    |             Detecting I2C interfaces               |
148   |Info:    ------------------------------------------------------
148   |Info:    [ResourceManager] Registering I2C interface: Synopsys DesignWare I2C adapter (/dev/i2c-3) Device 0000:0000 Subsystem: 0000:0000
149   |Info:    [ResourceManager] Registering I2C interface: NVIDIA i2c adapter 5 at 1:00.0
 (/dev/i2c-1) Device 10DE:21C4 Subsystem: 1043:873A
149   |Info:    [ResourceManager] Registering I2C interface: NVIDIA GPU I2C adapter (/dev/i2c-4) Device 10DE:1AED Subsystem: 1043:873A
149   |Info:    [ResourceManager] Registering I2C interface: NVIDIA i2c adapter 6 at 1:00.0
 (/dev/i2c-2) Device 10DE:21C4 Subsystem: 1043:873A
149   |Info:    [ResourceManager] Registering I2C interface: NVIDIA i2c adapter 3 at 1:00.0
 (/dev/i2c-0) Device 10DE:21C4 Subsystem: 1043:873A
149   |Info:    [ResourceManager] Registering I2C interface: SMBus I801 adapter at 0000:00:1f.4 (/dev/i2c-5) Device 8086:43A3 Subsystem: 1043:8694
149   |Info:    ------------------------------------------------------
149   |Info:    |               Detecting I2C devices                |
149   |Info:    ------------------------------------------------------
435   |Info:    ------------------------------------------------------
435   |Info:    |            Detecting I2C DIMM modules              |
435   |Info:    ------------------------------------------------------
724   |Info:    [ResourceManager] Detected occupied slot 2, bus 5, type DDR4
1200  |Info:    [ResourceManager] Detected occupied slot 4, bus 5, type DDR4
1644  |Info:    ------------------------------------------------------
1644  |Info:    |               Detecting I2C PCI devices            |
1644  |Info:    ------------------------------------------------------
1645  |Info:    ------------------------------------------------------
1645  |Info:    |               Detecting HID devices                |
1645  |Info:    ------------------------------------------------------
1737  |Info:    [ASUS PRIME B560M-A] Registering RGB controller
1737  |Info:    ------------------------------------------------------
1737  |Info:    |            Detecting libusb HID devices            |
1737  |Info:    ------------------------------------------------------
1749  |Info:    ------------------------------------------------------
1749  |Info:    |              Detecting other devices               |
1749  |Info:    ------------------------------------------------------
1767  |Info:    [ResourceManager] Calling Post-detection callbacks
1767  |Info:    ------------------------------------------------------
1767  |Info:    |                Detection completed                 |
1767  |Info:    ------------------------------------------------------
1767  |Info:    [ProfileManager] Profile loading: Succeeded for ASUS PRIME B560M-A @ HID: /dev/hidraw0
