    OpenRGB v0.9+ (git1948)
    Commit: f67030fcc7b9bf0688a955821a4ad9ac7b3b238e from 2026-05-18 07:30:37 -0500
    Launched: 20260522_180216
====================================================================================================

53    |Info:    [ResourceManager] Saving detector settings
54    |Info:    [ResourceManager] Initializing HID interfaces: Success
54    |Info:    ------------------------------------------------------
54    |Info:    |               Start device detection               |
54    |Info:    ------------------------------------------------------
57    |Info:    ------------------------------------------------------
57    |Info:    |             Detecting I2C interfaces               |
57    |Info:    ------------------------------------------------------
57    |Info:    [ResourceManager] Registering I2C interface: Synopsys DesignWare I2C adapter (/dev/i2c-3) Device 0000:0000 Subsystem: 0000:0000
57    |Info:    [ResourceManager] Registering I2C interface: NVIDIA i2c adapter 5 at 1:00.0
 (/dev/i2c-1) Device 10DE:21C4 Subsystem: 1043:873A
57    |Info:    [ResourceManager] Registering I2C interface: NVIDIA GPU I2C adapter (/dev/i2c-4) Device 10DE:1AED Subsystem: 1043:873A
57    |Info:    [ResourceManager] Registering I2C interface: NVIDIA i2c adapter 6 at 1:00.0
 (/dev/i2c-2) Device 10DE:21C4 Subsystem: 1043:873A
57    |Info:    [ResourceManager] Registering I2C interface: NVIDIA i2c adapter 3 at 1:00.0
 (/dev/i2c-0) Device 10DE:21C4 Subsystem: 1043:873A
57    |Info:    [ResourceManager] Registering I2C interface: SMBus I801 adapter at 0000:00:1f.4 (/dev/i2c-5) Device 8086:43A3 Subsystem: 1043:8694
57    |Info:    ------------------------------------------------------
57    |Info:    |               Detecting I2C devices                |
57    |Info:    ------------------------------------------------------
339   |Info:    ------------------------------------------------------
339   |Info:    |            Detecting I2C DIMM modules              |
339   |Info:    ------------------------------------------------------
628   |Info:    [ResourceManager] Detected occupied slot 2, bus 5, type DDR4
1102  |Info:    [ResourceManager] Detected occupied slot 4, bus 5, type DDR4
1544  |Info:    ------------------------------------------------------
1544  |Info:    |               Detecting I2C PCI devices            |
1544  |Info:    ------------------------------------------------------
1545  |Info:    ------------------------------------------------------
1545  |Info:    |               Detecting HID devices                |
1545  |Info:    ------------------------------------------------------
1559  |Info:    [KLM] Created new Seventy Five percent ANSI QWERTY with 6 rows and 14 columns containing 74 keys
1559  |Info:    [AULA F75] Registering RGB controller
1633  |Info:    [ASUS PRIME B560M-A] Registering RGB controller
1633  |Info:    ------------------------------------------------------
1633  |Info:    |            Detecting libusb HID devices            |
1633  |Info:    ------------------------------------------------------
1646  |Info:    ------------------------------------------------------
1646  |Info:    |              Detecting other devices               |
1646  |Info:    ------------------------------------------------------
1664  |Info:    [ResourceManager] Calling Post-detection callbacks
1664  |Info:    ------------------------------------------------------
1664  |Info:    |                Detection completed                 |
1664  |Info:    ------------------------------------------------------
1937894|ERROR:   [OpenRGBPluginsPage] Failed to install plugin: filesystem error: cannot copy: Немає такого файла або каталогу [] [/home/l1oly/.config/OpenRGB/plugins/]
