    OpenRGB v0.9+ (git1948)
    Commit: f67030fcc7b9bf0688a955821a4ad9ac7b3b238e from 2026-05-18 07:30:37 -0500
    Launched: 20260613_200010
====================================================================================================

31    |Info:    [ProfileManager] Found file: 21.orp attempting to validate header
33    |Info:    [ProfileManager] Valid v5 profile found for 21
243   |Info:    [ResourceManager] Initializing HID interfaces: Success
246   |Info:    ------------------------------------------------------
246   |Info:    |               Start device detection               |
246   |Info:    ------------------------------------------------------
252   |Info:    ------------------------------------------------------
252   |Info:    |             Detecting I2C interfaces               |
252   |Info:    ------------------------------------------------------
252   |Info:    [ResourceManager] Registering I2C interface: Synopsys DesignWare I2C adapter (/dev/i2c-3) Device 0000:0000 Subsystem: 0000:0000
252   |Info:    [ResourceManager] Registering I2C interface: NVIDIA i2c adapter 5 at 1:00.0
 (/dev/i2c-1) Device 10DE:21C4 Subsystem: 1043:873A
252   |Info:    [ResourceManager] Registering I2C interface: NVIDIA GPU I2C adapter (/dev/i2c-4) Device 10DE:1AED Subsystem: 1043:873A
252   |Info:    [ResourceManager] Registering I2C interface: NVIDIA i2c adapter 6 at 1:00.0
 (/dev/i2c-2) Device 10DE:21C4 Subsystem: 1043:873A
252   |Info:    [ResourceManager] Registering I2C interface: NVIDIA i2c adapter 3 at 1:00.0
 (/dev/i2c-0) Device 10DE:21C4 Subsystem: 1043:873A
252   |Info:    [ResourceManager] Registering I2C interface: SMBus I801 adapter at 0000:00:1f.4 (/dev/i2c-5) Device 8086:43A3 Subsystem: 1043:8694
252   |Info:    ------------------------------------------------------
252   |Info:    |               Detecting I2C devices                |
252   |Info:    ------------------------------------------------------
657   |Info:    ------------------------------------------------------
657   |Info:    |            Detecting I2C DIMM modules              |
657   |Info:    ------------------------------------------------------
945   |Info:    [ResourceManager] Detected occupied slot 2, bus 5, type DDR4
1418  |Info:    [ResourceManager] Detected occupied slot 4, bus 5, type DDR4
1860  |Info:    ------------------------------------------------------
1860  |Info:    |               Detecting I2C PCI devices            |
1860  |Info:    ------------------------------------------------------
1862  |Info:    ------------------------------------------------------
1862  |Info:    |               Detecting HID devices                |
1862  |Info:    ------------------------------------------------------
1880  |Info:    [KLM] Created new Seventy Five percent ANSI QWERTY with 6 rows and 14 columns containing 74 keys
1880  |Info:    [AULA F75] Registering RGB controller
1956  |Info:    [ASUS PRIME B560M-A] Registering RGB controller
1956  |Info:    ------------------------------------------------------
1956  |Info:    |            Detecting libusb HID devices            |
1956  |Info:    ------------------------------------------------------
1971  |Info:    ------------------------------------------------------
1971  |Info:    |              Detecting other devices               |
1971  |Info:    ------------------------------------------------------
1992  |Info:    [ResourceManager] Calling Post-detection callbacks
1992  |Info:    ------------------------------------------------------
1992  |Info:    |                Detection completed                 |
1992  |Info:    ------------------------------------------------------
1992  |Info:    [ProfileManager] Profile loading: Succeeded for AULA F75 @ HID: /dev/hidraw3
1992  |Info:    [ProfileManager] Profile loading: Succeeded for ASUS PRIME B560M-A @ HID: /dev/hidraw0
