    OpenRGB v0.9+ (git1948)
    Commit: f67030fcc7b9bf0688a955821a4ad9ac7b3b238e from 2026-05-18 07:30:37 -0500
    Launched: 20260531_230129
====================================================================================================

9     |Info:    [ProfileManager] Found file: 21.orp attempting to validate header
16    |Info:    [ProfileManager] Valid v5 profile found for 21
178   |Info:    [ResourceManager] Initializing HID interfaces: Success
342   |Info:    ------------------------------------------------------
342   |Info:    |               Start device detection               |
342   |Info:    ------------------------------------------------------
348   |Info:    ------------------------------------------------------
530   |Info:    |             Detecting I2C interfaces               |
530   |Info:    ------------------------------------------------------
530   |Info:    [ResourceManager] Registering I2C interface: Synopsys DesignWare I2C adapter (/dev/i2c-3) Device 0000:0000 Subsystem: 0000:0000
530   |Info:    [ResourceManager] Registering I2C interface: NVIDIA i2c adapter 5 at 1:00.0
 (/dev/i2c-1) Device 10DE:21C4 Subsystem: 1043:873A
530   |Info:    [ResourceManager] Registering I2C interface: NVIDIA GPU I2C adapter (/dev/i2c-4) Device 10DE:1AED Subsystem: 1043:873A
530   |Info:    [ResourceManager] Registering I2C interface: NVIDIA i2c adapter 6 at 1:00.0
 (/dev/i2c-2) Device 10DE:21C4 Subsystem: 1043:873A
530   |Info:    [ResourceManager] Registering I2C interface: NVIDIA i2c adapter 3 at 1:00.0
 (/dev/i2c-0) Device 10DE:21C4 Subsystem: 1043:873A
530   |Info:    [ResourceManager] Registering I2C interface: SMBus I801 adapter at 0000:00:1f.4 (/dev/i2c-5) Device 8086:43A3 Subsystem: 1043:8694
530   |Info:    ------------------------------------------------------
530   |Info:    |               Detecting I2C devices                |
530   |Info:    ------------------------------------------------------
822   |Info:    ------------------------------------------------------
822   |Info:    |            Detecting I2C DIMM modules              |
822   |Info:    ------------------------------------------------------
1109  |Info:    [ResourceManager] Detected occupied slot 2, bus 5, type DDR4
1581  |Info:    [ResourceManager] Detected occupied slot 4, bus 5, type DDR4
2021  |Info:    ------------------------------------------------------
2021  |Info:    |               Detecting I2C PCI devices            |
2021  |Info:    ------------------------------------------------------
2023  |Info:    ------------------------------------------------------
2023  |Info:    |               Detecting HID devices                |
2023  |Info:    ------------------------------------------------------
2039  |Info:    [KLM] Created new Seventy Five percent ANSI QWERTY with 6 rows and 14 columns containing 74 keys
2039  |Info:    [AULA F75] Registering RGB controller
2118  |Info:    [ASUS PRIME B560M-A] Registering RGB controller
2118  |Info:    ------------------------------------------------------
2118  |Info:    |            Detecting libusb HID devices            |
2118  |Info:    ------------------------------------------------------
2131  |Info:    ------------------------------------------------------
2131  |Info:    |              Detecting other devices               |
2131  |Info:    ------------------------------------------------------
2150  |Info:    [ResourceManager] Calling Post-detection callbacks
2150  |Info:    ------------------------------------------------------
2150  |Info:    |                Detection completed                 |
2150  |Info:    ------------------------------------------------------
2150  |Info:    [ProfileManager] Profile loading: Succeeded for AULA F75 @ HID: /dev/hidraw3
2150  |Info:    [ProfileManager] Profile loading: Succeeded for ASUS PRIME B560M-A @ HID: /dev/hidraw0
