    OpenRGB v0.9+ (git1948)
    Commit: f67030fcc7b9bf0688a955821a4ad9ac7b3b238e from 2026-05-18 07:30:37 -0500
    Launched: 20260615_133437
====================================================================================================

66    |Info:    [ProfileManager] Found file: 21.orp attempting to validate header
67    |Info:    [ProfileManager] Valid v5 profile found for 21
218   |Info:    [ResourceManager] Initializing HID interfaces: Success
218   |Info:    ------------------------------------------------------
218   |Info:    |               Start device detection               |
218   |Info:    ------------------------------------------------------
230   |Info:    ------------------------------------------------------
230   |Info:    |             Detecting I2C interfaces               |
230   |Info:    ------------------------------------------------------
230   |Info:    [ResourceManager] Registering I2C interface: Synopsys DesignWare I2C adapter (/dev/i2c-3) Device 0000:0000 Subsystem: 0000:0000
230   |Info:    [ResourceManager] Registering I2C interface: NVIDIA i2c adapter 5 at 1:00.0
 (/dev/i2c-1) Device 10DE:21C4 Subsystem: 1043:873A
230   |Info:    [ResourceManager] Registering I2C interface: NVIDIA GPU I2C adapter (/dev/i2c-4) Device 10DE:1AED Subsystem: 1043:873A
230   |Info:    [ResourceManager] Registering I2C interface: NVIDIA i2c adapter 6 at 1:00.0
 (/dev/i2c-2) Device 10DE:21C4 Subsystem: 1043:873A
230   |Info:    [ResourceManager] Registering I2C interface: NVIDIA i2c adapter 3 at 1:00.0
 (/dev/i2c-0) Device 10DE:21C4 Subsystem: 1043:873A
230   |Info:    [ResourceManager] Registering I2C interface: SMBus I801 adapter at 0000:00:1f.4 (/dev/i2c-5) Device 8086:43A3 Subsystem: 1043:8694
230   |Info:    ------------------------------------------------------
230   |Info:    |               Detecting I2C devices                |
230   |Info:    ------------------------------------------------------
542   |Info:    ------------------------------------------------------
542   |Info:    |            Detecting I2C DIMM modules              |
542   |Info:    ------------------------------------------------------
832   |Info:    [ResourceManager] Detected occupied slot 2, bus 5, type DDR4
1307  |Info:    [ResourceManager] Detected occupied slot 4, bus 5, type DDR4
1749  |Info:    ------------------------------------------------------
1831  |Info:    |               Detecting I2C PCI devices            |
1831  |Info:    ------------------------------------------------------
1833  |Info:    ------------------------------------------------------
1833  |Info:    |               Detecting HID devices                |
1833  |Info:    ------------------------------------------------------
1871  |Info:    [KLM] Created new Seventy Five percent ANSI QWERTY with 6 rows and 14 columns containing 74 keys
1876  |Info:    [AULA F75] Registering RGB controller
1952  |Info:    [ASUS PRIME B560M-A] Registering RGB controller
1986  |Info:    ------------------------------------------------------
1986  |Info:    |            Detecting libusb HID devices            |
1986  |Info:    ------------------------------------------------------
2003  |Info:    ------------------------------------------------------
2003  |Info:    |              Detecting other devices               |
2003  |Info:    ------------------------------------------------------
2021  |Info:    [ResourceManager] Calling Post-detection callbacks
2021  |Info:    ------------------------------------------------------
2021  |Info:    |                Detection completed                 |
2021  |Info:    ------------------------------------------------------
2021  |Info:    [ProfileManager] Profile loading: Succeeded for AULA F75 @ HID: /dev/hidraw3
2021  |Info:    [ProfileManager] Profile loading: Succeeded for ASUS PRIME B560M-A @ HID: /dev/hidraw0
