    OpenRGB v0.9+ (git1948)
    Commit: f67030fcc7b9bf0688a955821a4ad9ac7b3b238e from 2026-05-18 07:30:37 -0500
    Launched: 20260624_002543
====================================================================================================

8     |Info:    [ProfileManager] Found file: 21.orp attempting to validate header
83    |Info:    [ProfileManager] Valid v5 profile found for 21
869   |Info:    [ResourceManager] Initializing HID interfaces: Success
869   |Info:    ------------------------------------------------------
869   |Info:    |               Start device detection               |
869   |Info:    ------------------------------------------------------
874   |Info:    ------------------------------------------------------
874   |Info:    |             Detecting I2C interfaces               |
874   |Info:    ------------------------------------------------------
874   |Info:    [ResourceManager] Registering I2C interface: Synopsys DesignWare I2C adapter (/dev/i2c-3) Device 0000:0000 Subsystem: 0000:0000
874   |Info:    [ResourceManager] Registering I2C interface: NVIDIA i2c adapter 5 at 1:00.0
 (/dev/i2c-1) Device 10DE:21C4 Subsystem: 1043:873A
874   |Info:    [ResourceManager] Registering I2C interface: SMBus I801 adapter at 0000:00:1f.4 (/dev/i2c-4) Device 8086:43A3 Subsystem: 1043:8694
874   |Info:    [ResourceManager] Registering I2C interface: NVIDIA i2c adapter 6 at 1:00.0
 (/dev/i2c-2) Device 10DE:21C4 Subsystem: 1043:873A
874   |Info:    [ResourceManager] Registering I2C interface: NVIDIA i2c adapter 3 at 1:00.0
 (/dev/i2c-0) Device 10DE:21C4 Subsystem: 1043:873A
874   |Info:    [ResourceManager] Registering I2C interface: NVIDIA GPU I2C adapter (/dev/i2c-5) Device 10DE:1AED Subsystem: 1043:873A
874   |Info:    ------------------------------------------------------
874   |Info:    |               Detecting I2C devices                |
874   |Info:    ------------------------------------------------------
1305  |Info:    ------------------------------------------------------
1305  |Info:    |            Detecting I2C DIMM modules              |
1305  |Info:    ------------------------------------------------------
1593  |Info:    [ResourceManager] Detected occupied slot 2, bus 2, type DDR4
2068  |Info:    [ResourceManager] Detected occupied slot 4, bus 2, type DDR4
2509  |Info:    ------------------------------------------------------
2509  |Info:    |               Detecting I2C PCI devices            |
2509  |Info:    ------------------------------------------------------
2510  |Info:    ------------------------------------------------------
2510  |Info:    |               Detecting HID devices                |
2510  |Info:    ------------------------------------------------------
2525  |Info:    [KLM] Created new Seventy Five percent ANSI QWERTY with 6 rows and 14 columns containing 74 keys
2525  |Info:    [AULA F75] Registering RGB controller
2599  |Info:    [ASUS PRIME B560M-A] Registering RGB controller
2599  |Info:    ------------------------------------------------------
2599  |Info:    |            Detecting libusb HID devices            |
2599  |Info:    ------------------------------------------------------
2614  |Info:    ------------------------------------------------------
2614  |Info:    |              Detecting other devices               |
2614  |Info:    ------------------------------------------------------
2635  |Info:    [ResourceManager] Calling Post-detection callbacks
2635  |Info:    ------------------------------------------------------
2635  |Info:    |                Detection completed                 |
2635  |Info:    ------------------------------------------------------
2635  |Info:    [ProfileManager] Profile loading: Succeeded for AULA F75 @ HID: /dev/hidraw3
2635  |Info:    [ProfileManager] Profile loading: Succeeded for ASUS PRIME B560M-A @ HID: /dev/hidraw0
