    OpenRGB v0.9+ (git1948)
    Commit: f67030fcc7b9bf0688a955821a4ad9ac7b3b238e from 2026-05-18 07:30:37 -0500
    Launched: 20260623_115552
====================================================================================================

4     |Info:    [ProfileManager] Found file: 21.orp attempting to validate header
6     |Info:    [ProfileManager] Valid v5 profile found for 21
93    |Info:    [ResourceManager] Initializing HID interfaces: Success
93    |Info:    ------------------------------------------------------
93    |Info:    |               Start device detection               |
93    |Info:    ------------------------------------------------------
97    |Info:    ------------------------------------------------------
97    |Info:    |             Detecting I2C interfaces               |
97    |Info:    ------------------------------------------------------
97    |Info:    [ResourceManager] Registering I2C interface: Synopsys DesignWare I2C adapter (/dev/i2c-3) Device 0000:0000 Subsystem: 0000:0000
97    |Info:    [ResourceManager] Registering I2C interface: NVIDIA i2c adapter 5 at 1:00.0
 (/dev/i2c-1) Device 10DE:21C4 Subsystem: 1043:873A
97    |Info:    [ResourceManager] Registering I2C interface: NVIDIA GPU I2C adapter (/dev/i2c-4) Device 10DE:1AED Subsystem: 1043:873A
97    |Info:    [ResourceManager] Registering I2C interface: NVIDIA i2c adapter 6 at 1:00.0
 (/dev/i2c-2) Device 10DE:21C4 Subsystem: 1043:873A
97    |Info:    [ResourceManager] Registering I2C interface: NVIDIA i2c adapter 3 at 1:00.0
 (/dev/i2c-0) Device 10DE:21C4 Subsystem: 1043:873A
97    |Info:    [ResourceManager] Registering I2C interface: SMBus I801 adapter at 0000:00:1f.4 (/dev/i2c-5) Device 8086:43A3 Subsystem: 1043:8694
97    |Info:    ------------------------------------------------------
97    |Info:    |               Detecting I2C devices                |
97    |Info:    ------------------------------------------------------
387   |Info:    ------------------------------------------------------
434   |Info:    |            Detecting I2C DIMM modules              |
435   |Info:    ------------------------------------------------------
722   |Info:    [ResourceManager] Detected occupied slot 2, bus 5, type DDR4
1193  |Info:    [ResourceManager] Detected occupied slot 4, bus 5, type DDR4
1636  |Info:    ------------------------------------------------------
1636  |Info:    |               Detecting I2C PCI devices            |
1636  |Info:    ------------------------------------------------------
1637  |Info:    ------------------------------------------------------
1637  |Info:    |               Detecting HID devices                |
1637  |Info:    ------------------------------------------------------
1655  |Info:    [KLM] Created new Seventy Five percent ANSI QWERTY with 6 rows and 14 columns containing 74 keys
1655  |Info:    [AULA F75] Registering RGB controller
1730  |Info:    [ASUS PRIME B560M-A] Registering RGB controller
1730  |Info:    ------------------------------------------------------
1730  |Info:    |            Detecting libusb HID devices            |
1730  |Info:    ------------------------------------------------------
1744  |Info:    ------------------------------------------------------
1744  |Info:    |              Detecting other devices               |
1744  |Info:    ------------------------------------------------------
1761  |Info:    [ResourceManager] Calling Post-detection callbacks
1761  |Info:    ------------------------------------------------------
1761  |Info:    |                Detection completed                 |
1761  |Info:    ------------------------------------------------------
1761  |Info:    [ProfileManager] Profile loading: Succeeded for AULA F75 @ HID: /dev/hidraw3
1761  |Info:    [ProfileManager] Profile loading: Succeeded for ASUS PRIME B560M-A @ HID: /dev/hidraw0
