    OpenRGB v0.9+ (git1948)
    Commit: f67030fcc7b9bf0688a955821a4ad9ac7b3b238e from 2026-05-18 07:30:37 -0500
    Launched: 20260531_231738
====================================================================================================

0     |Info:    [ProfileManager] Found file: 21.orp attempting to validate header
0     |Info:    [ProfileManager] Valid v5 profile found for 21
53    |Info:    [ResourceManager] Initializing HID interfaces: Success
53    |Info:    ------------------------------------------------------
53    |Info:    |               Start device detection               |
53    |Info:    ------------------------------------------------------
55    |Info:    ------------------------------------------------------
55    |Info:    |             Detecting I2C interfaces               |
55    |Info:    ------------------------------------------------------
55    |Info:    [ResourceManager] Registering I2C interface: Synopsys DesignWare I2C adapter (/dev/i2c-3) Device 0000:0000 Subsystem: 0000:0000
55    |Info:    [ResourceManager] Registering I2C interface: NVIDIA i2c adapter 5 at 1:00.0
 (/dev/i2c-1) Device 10DE:21C4 Subsystem: 1043:873A
55    |Info:    [ResourceManager] Registering I2C interface: NVIDIA GPU I2C adapter (/dev/i2c-4) Device 10DE:1AED Subsystem: 1043:873A
55    |Info:    [ResourceManager] Registering I2C interface: NVIDIA i2c adapter 6 at 1:00.0
 (/dev/i2c-2) Device 10DE:21C4 Subsystem: 1043:873A
55    |Info:    [ResourceManager] Registering I2C interface: NVIDIA i2c adapter 3 at 1:00.0
 (/dev/i2c-0) Device 10DE:21C4 Subsystem: 1043:873A
55    |Info:    [ResourceManager] Registering I2C interface: SMBus I801 adapter at 0000:00:1f.4 (/dev/i2c-5) Device 8086:43A3 Subsystem: 1043:8694
55    |Info:    ------------------------------------------------------
55    |Info:    |               Detecting I2C devices                |
55    |Info:    ------------------------------------------------------
347   |Info:    ------------------------------------------------------
347   |Info:    |            Detecting I2C DIMM modules              |
347   |Info:    ------------------------------------------------------
636   |Info:    [ResourceManager] Detected occupied slot 2, bus 5, type DDR4
1110  |Info:    [ResourceManager] Detected occupied slot 4, bus 5, type DDR4
1551  |Info:    ------------------------------------------------------
1551  |Info:    |               Detecting I2C PCI devices            |
1551  |Info:    ------------------------------------------------------
1552  |Info:    ------------------------------------------------------
1552  |Info:    |               Detecting HID devices                |
1552  |Info:    ------------------------------------------------------
1567  |Info:    [KLM] Created new Seventy Five percent ANSI QWERTY with 6 rows and 14 columns containing 74 keys
1567  |Info:    [AULA F75] Registering RGB controller
1643  |Info:    [ASUS PRIME B560M-A] Registering RGB controller
1643  |Info:    ------------------------------------------------------
1643  |Info:    |            Detecting libusb HID devices            |
1643  |Info:    ------------------------------------------------------
1655  |Info:    ------------------------------------------------------
1655  |Info:    |              Detecting other devices               |
1655  |Info:    ------------------------------------------------------
1666  |Info:    [ResourceManager] Calling Post-detection callbacks
1666  |Info:    ------------------------------------------------------
1666  |Info:    |                Detection completed                 |
1666  |Info:    ------------------------------------------------------
1667  |Info:    [ProfileManager] Profile loading: Succeeded for AULA F75 @ HID: /dev/hidraw3
1667  |Info:    [ProfileManager] Profile loading: Succeeded for ASUS PRIME B560M-A @ HID: /dev/hidraw0
