    OpenRGB v0.9+ (git1948)
    Commit: f67030fcc7b9bf0688a955821a4ad9ac7b3b238e from 2026-05-18 07:30:37 -0500
    Launched: 20260616_002927
====================================================================================================

49    |Info:    [ProfileManager] Found file: 21.orp attempting to validate header
53    |Info:    [ProfileManager] Valid v5 profile found for 21
170   |Info:    [ResourceManager] Initializing HID interfaces: Success
578   |Info:    ------------------------------------------------------
578   |Info:    |               Start device detection               |
578   |Info:    ------------------------------------------------------
580   |Info:    ------------------------------------------------------
580   |Info:    |             Detecting I2C interfaces               |
580   |Info:    ------------------------------------------------------
581   |Info:    [ResourceManager] Registering I2C interface: Synopsys DesignWare I2C adapter (/dev/i2c-3) Device 0000:0000 Subsystem: 0000:0000
581   |Info:    [ResourceManager] Registering I2C interface: NVIDIA i2c adapter 5 at 1:00.0
 (/dev/i2c-1) Device 10DE:21C4 Subsystem: 1043:873A
581   |Info:    [ResourceManager] Registering I2C interface: NVIDIA GPU I2C adapter (/dev/i2c-4) Device 10DE:1AED Subsystem: 1043:873A
581   |Info:    [ResourceManager] Registering I2C interface: NVIDIA i2c adapter 6 at 1:00.0
 (/dev/i2c-2) Device 10DE:21C4 Subsystem: 1043:873A
581   |Info:    [ResourceManager] Registering I2C interface: NVIDIA i2c adapter 3 at 1:00.0
 (/dev/i2c-0) Device 10DE:21C4 Subsystem: 1043:873A
581   |Info:    [ResourceManager] Registering I2C interface: SMBus I801 adapter at 0000:00:1f.4 (/dev/i2c-5) Device 8086:43A3 Subsystem: 1043:8694
581   |Info:    ------------------------------------------------------
581   |Info:    |               Detecting I2C devices                |
581   |Info:    ------------------------------------------------------
884   |Info:    ------------------------------------------------------
884   |Info:    |            Detecting I2C DIMM modules              |
884   |Info:    ------------------------------------------------------
1171  |Info:    [ResourceManager] Detected occupied slot 2, bus 5, type DDR4
1645  |Info:    [ResourceManager] Detected occupied slot 4, bus 5, type DDR4
2085  |Info:    ------------------------------------------------------
2086  |Info:    |               Detecting I2C PCI devices            |
2086  |Info:    ------------------------------------------------------
2087  |Info:    ------------------------------------------------------
2087  |Info:    |               Detecting HID devices                |
2087  |Info:    ------------------------------------------------------
2103  |Info:    [KLM] Created new Seventy Five percent ANSI QWERTY with 6 rows and 14 columns containing 74 keys
2103  |Info:    [AULA F75] Registering RGB controller
2181  |Info:    [ASUS PRIME B560M-A] Registering RGB controller
2181  |Info:    ------------------------------------------------------
2181  |Info:    |            Detecting libusb HID devices            |
2181  |Info:    ------------------------------------------------------
2193  |Info:    ------------------------------------------------------
2193  |Info:    |              Detecting other devices               |
2193  |Info:    ------------------------------------------------------
2211  |Info:    [ResourceManager] Calling Post-detection callbacks
2211  |Info:    ------------------------------------------------------
2211  |Info:    |                Detection completed                 |
2211  |Info:    ------------------------------------------------------
2211  |Info:    [ProfileManager] Profile loading: Succeeded for AULA F75 @ HID: /dev/hidraw3
2211  |Info:    [ProfileManager] Profile loading: Succeeded for ASUS PRIME B560M-A @ HID: /dev/hidraw0
