    OpenRGB v0.9+ (git1948)
    Commit: f67030fcc7b9bf0688a955821a4ad9ac7b3b238e from 2026-05-18 07:30:37 -0500
    Launched: 20260615_012109
====================================================================================================

3     |Info:    [ProfileManager] Found file: 21.orp attempting to validate header
5     |Info:    [ProfileManager] Valid v5 profile found for 21
260   |Info:    [ResourceManager] Initializing HID interfaces: Success
260   |Info:    ------------------------------------------------------
260   |Info:    |               Start device detection               |
260   |Info:    ------------------------------------------------------
263   |Info:    ------------------------------------------------------
263   |Info:    |             Detecting I2C interfaces               |
263   |Info:    ------------------------------------------------------
263   |Info:    [ResourceManager] Registering I2C interface: Synopsys DesignWare I2C adapter (/dev/i2c-3) Device 0000:0000 Subsystem: 0000:0000
263   |Info:    [ResourceManager] Registering I2C interface: NVIDIA i2c adapter 5 at 1:00.0
 (/dev/i2c-1) Device 10DE:21C4 Subsystem: 1043:873A
263   |Info:    [ResourceManager] Registering I2C interface: NVIDIA GPU I2C adapter (/dev/i2c-4) Device 10DE:1AED Subsystem: 1043:873A
263   |Info:    [ResourceManager] Registering I2C interface: NVIDIA i2c adapter 6 at 1:00.0
 (/dev/i2c-2) Device 10DE:21C4 Subsystem: 1043:873A
263   |Info:    [ResourceManager] Registering I2C interface: NVIDIA i2c adapter 3 at 1:00.0
 (/dev/i2c-0) Device 10DE:21C4 Subsystem: 1043:873A
263   |Info:    [ResourceManager] Registering I2C interface: SMBus I801 adapter at 0000:00:1f.4 (/dev/i2c-5) Device 8086:43A3 Subsystem: 1043:8694
263   |Info:    ------------------------------------------------------
263   |Info:    |               Detecting I2C devices                |
263   |Info:    ------------------------------------------------------
855   |Info:    ------------------------------------------------------
855   |Info:    |            Detecting I2C DIMM modules              |
855   |Info:    ------------------------------------------------------
1145  |Info:    [ResourceManager] Detected occupied slot 2, bus 5, type DDR4
1622  |Info:    [ResourceManager] Detected occupied slot 4, bus 5, type DDR4
2065  |Info:    ------------------------------------------------------
2065  |Info:    |               Detecting I2C PCI devices            |
2065  |Info:    ------------------------------------------------------
2066  |Info:    ------------------------------------------------------
2066  |Info:    |               Detecting HID devices                |
2066  |Info:    ------------------------------------------------------
2084  |Info:    [KLM] Created new Seventy Five percent ANSI QWERTY with 6 rows and 14 columns containing 74 keys
2084  |Info:    [AULA F75] Registering RGB controller
2161  |Info:    [ASUS PRIME B560M-A] Registering RGB controller
2161  |Info:    ------------------------------------------------------
2161  |Info:    |            Detecting libusb HID devices            |
2161  |Info:    ------------------------------------------------------
2173  |Info:    ------------------------------------------------------
2173  |Info:    |              Detecting other devices               |
2173  |Info:    ------------------------------------------------------
2190  |Info:    [ResourceManager] Calling Post-detection callbacks
2190  |Info:    ------------------------------------------------------
2190  |Info:    |                Detection completed                 |
2190  |Info:    ------------------------------------------------------
2190  |Info:    [ProfileManager] Profile loading: Succeeded for AULA F75 @ HID: /dev/hidraw3
2190  |Info:    [ProfileManager] Profile loading: Succeeded for ASUS PRIME B560M-A @ HID: /dev/hidraw0
