    OpenRGB v0.9+ (git1948)
    Commit: f67030fcc7b9bf0688a955821a4ad9ac7b3b238e from 2026-05-18 07:30:37 -0500
    Launched: 20260618_172426
====================================================================================================

37    |Info:    [ProfileManager] Found file: 21.orp attempting to validate header
57    |Info:    [ProfileManager] Valid v5 profile found for 21
249   |Info:    [ResourceManager] Initializing HID interfaces: Success
249   |Info:    ------------------------------------------------------
249   |Info:    |               Start device detection               |
249   |Info:    ------------------------------------------------------
252   |Info:    ------------------------------------------------------
252   |Info:    |             Detecting I2C interfaces               |
252   |Info:    ------------------------------------------------------
252   |Info:    [ResourceManager] Registering I2C interface: Synopsys DesignWare I2C adapter (/dev/i2c-3) Device 0000:0000 Subsystem: 0000:0000
252   |Info:    [ResourceManager] Registering I2C interface: NVIDIA i2c adapter 5 at 1:00.0
 (/dev/i2c-1) Device 10DE:21C4 Subsystem: 1043:873A
252   |Info:    [ResourceManager] Registering I2C interface: NVIDIA GPU I2C adapter (/dev/i2c-4) Device 10DE:1AED Subsystem: 1043:873A
252   |Info:    [ResourceManager] Registering I2C interface: NVIDIA i2c adapter 6 at 1:00.0
 (/dev/i2c-2) Device 10DE:21C4 Subsystem: 1043:873A
252   |Info:    [ResourceManager] Registering I2C interface: NVIDIA i2c adapter 3 at 1:00.0
 (/dev/i2c-0) Device 10DE:21C4 Subsystem: 1043:873A
252   |Info:    [ResourceManager] Registering I2C interface: SMBus I801 adapter at 0000:00:1f.4 (/dev/i2c-5) Device 8086:43A3 Subsystem: 1043:8694
252   |Info:    ------------------------------------------------------
252   |Info:    |               Detecting I2C devices                |
252   |Info:    ------------------------------------------------------
714   |Info:    ------------------------------------------------------
714   |Info:    |            Detecting I2C DIMM modules              |
714   |Info:    ------------------------------------------------------
1004  |Info:    [ResourceManager] Detected occupied slot 2, bus 5, type DDR4
1802  |Info:    [ResourceManager] Detected occupied slot 4, bus 5, type DDR4
2249  |Info:    ------------------------------------------------------
2249  |Info:    |               Detecting I2C PCI devices            |
2249  |Info:    ------------------------------------------------------
2250  |Info:    ------------------------------------------------------
2250  |Info:    |               Detecting HID devices                |
2250  |Info:    ------------------------------------------------------
2269  |Info:    [KLM] Created new Seventy Five percent ANSI QWERTY with 6 rows and 14 columns containing 74 keys
2269  |Info:    [AULA F75] Registering RGB controller
2346  |Info:    [ASUS PRIME B560M-A] Registering RGB controller
2346  |Info:    ------------------------------------------------------
2346  |Info:    |            Detecting libusb HID devices            |
2346  |Info:    ------------------------------------------------------
2362  |Info:    ------------------------------------------------------
2362  |Info:    |              Detecting other devices               |
2362  |Info:    ------------------------------------------------------
2379  |Info:    [ResourceManager] Calling Post-detection callbacks
2379  |Info:    ------------------------------------------------------
2379  |Info:    |                Detection completed                 |
2379  |Info:    ------------------------------------------------------
2380  |Info:    [ProfileManager] Profile loading: Succeeded for AULA F75 @ HID: /dev/hidraw3
2380  |Info:    [ProfileManager] Profile loading: Succeeded for ASUS PRIME B560M-A @ HID: /dev/hidraw0
