    OpenRGB v0.9+ (git1948)
    Commit: f67030fcc7b9bf0688a955821a4ad9ac7b3b238e from 2026-05-18 07:30:37 -0500
    Launched: 20260616_205738
====================================================================================================

5     |Info:    [ProfileManager] Found file: 21.orp attempting to validate header
8     |Info:    [ProfileManager] Valid v5 profile found for 21
257   |Info:    [ResourceManager] Initializing HID interfaces: Success
257   |Info:    ------------------------------------------------------
257   |Info:    |               Start device detection               |
257   |Info:    ------------------------------------------------------
259   |Info:    ------------------------------------------------------
259   |Info:    |             Detecting I2C interfaces               |
259   |Info:    ------------------------------------------------------
259   |Info:    [ResourceManager] Registering I2C interface: Synopsys DesignWare I2C adapter (/dev/i2c-3) Device 0000:0000 Subsystem: 0000:0000
259   |Info:    [ResourceManager] Registering I2C interface: NVIDIA i2c adapter 5 at 1:00.0
 (/dev/i2c-1) Device 10DE:21C4 Subsystem: 1043:873A
259   |Info:    [ResourceManager] Registering I2C interface: NVIDIA GPU I2C adapter (/dev/i2c-4) Device 10DE:1AED Subsystem: 1043:873A
260   |Info:    [ResourceManager] Registering I2C interface: NVIDIA i2c adapter 6 at 1:00.0
 (/dev/i2c-2) Device 10DE:21C4 Subsystem: 1043:873A
260   |Info:    [ResourceManager] Registering I2C interface: NVIDIA i2c adapter 3 at 1:00.0
 (/dev/i2c-0) Device 10DE:21C4 Subsystem: 1043:873A
260   |Info:    [ResourceManager] Registering I2C interface: SMBus I801 adapter at 0000:00:1f.4 (/dev/i2c-5) Device 8086:43A3 Subsystem: 1043:8694
260   |Info:    ------------------------------------------------------
260   |Info:    |               Detecting I2C devices                |
260   |Info:    ------------------------------------------------------
1097  |Info:    ------------------------------------------------------
1097  |Info:    |            Detecting I2C DIMM modules              |
1097  |Info:    ------------------------------------------------------
1384  |Info:    [ResourceManager] Detected occupied slot 2, bus 5, type DDR4
1858  |Info:    [ResourceManager] Detected occupied slot 4, bus 5, type DDR4
2299  |Info:    ------------------------------------------------------
2299  |Info:    |               Detecting I2C PCI devices            |
2299  |Info:    ------------------------------------------------------
2300  |Info:    ------------------------------------------------------
2300  |Info:    |               Detecting HID devices                |
2300  |Info:    ------------------------------------------------------
2316  |Info:    [KLM] Created new Seventy Five percent ANSI QWERTY with 6 rows and 14 columns containing 74 keys
2316  |Info:    [AULA F75] Registering RGB controller
2393  |Info:    [ASUS PRIME B560M-A] Registering RGB controller
2393  |Info:    ------------------------------------------------------
2393  |Info:    |            Detecting libusb HID devices            |
2393  |Info:    ------------------------------------------------------
2406  |Info:    ------------------------------------------------------
2406  |Info:    |              Detecting other devices               |
2406  |Info:    ------------------------------------------------------
2427  |Info:    [ResourceManager] Calling Post-detection callbacks
2427  |Info:    ------------------------------------------------------
2427  |Info:    |                Detection completed                 |
2427  |Info:    ------------------------------------------------------
2428  |Info:    [ProfileManager] Profile loading: Succeeded for AULA F75 @ HID: /dev/hidraw3
2428  |Info:    [ProfileManager] Profile loading: Succeeded for ASUS PRIME B560M-A @ HID: /dev/hidraw0
