    OpenRGB v0.9+ (git1948)
    Commit: f67030fcc7b9bf0688a955821a4ad9ac7b3b238e from 2026-05-18 07:30:37 -0500
    Launched: 20260601_152124
====================================================================================================

25    |Info:    [ProfileManager] Found file: 21.orp attempting to validate header
38    |Info:    [ProfileManager] Valid v5 profile found for 21
174   |Info:    [ResourceManager] Initializing HID interfaces: Success
576   |Info:    ------------------------------------------------------
576   |Info:    |               Start device detection               |
576   |Info:    ------------------------------------------------------
583   |Info:    ------------------------------------------------------
583   |Info:    |             Detecting I2C interfaces               |
583   |Info:    ------------------------------------------------------
583   |Info:    [ResourceManager] Registering I2C interface: Synopsys DesignWare I2C adapter (/dev/i2c-3) Device 0000:0000 Subsystem: 0000:0000
583   |Info:    [ResourceManager] Registering I2C interface: NVIDIA i2c adapter 5 at 1:00.0
 (/dev/i2c-1) Device 10DE:21C4 Subsystem: 1043:873A
583   |Info:    [ResourceManager] Registering I2C interface: NVIDIA GPU I2C adapter (/dev/i2c-4) Device 10DE:1AED Subsystem: 1043:873A
583   |Info:    [ResourceManager] Registering I2C interface: NVIDIA i2c adapter 6 at 1:00.0
 (/dev/i2c-2) Device 10DE:21C4 Subsystem: 1043:873A
583   |Info:    [ResourceManager] Registering I2C interface: NVIDIA i2c adapter 3 at 1:00.0
 (/dev/i2c-0) Device 10DE:21C4 Subsystem: 1043:873A
583   |Info:    [ResourceManager] Registering I2C interface: SMBus I801 adapter at 0000:00:1f.4 (/dev/i2c-5) Device 8086:43A3 Subsystem: 1043:8694
583   |Info:    ------------------------------------------------------
583   |Info:    |               Detecting I2C devices                |
583   |Info:    ------------------------------------------------------
952   |Info:    ------------------------------------------------------
952   |Info:    |            Detecting I2C DIMM modules              |
952   |Info:    ------------------------------------------------------
1241  |Info:    [ResourceManager] Detected occupied slot 2, bus 5, type DDR4
1713  |Info:    [ResourceManager] Detected occupied slot 4, bus 5, type DDR4
2153  |Info:    ------------------------------------------------------
2153  |Info:    |               Detecting I2C PCI devices            |
2153  |Info:    ------------------------------------------------------
2154  |Info:    ------------------------------------------------------
2154  |Info:    |               Detecting HID devices                |
2154  |Info:    ------------------------------------------------------
2169  |Info:    [KLM] Created new Seventy Five percent ANSI QWERTY with 6 rows and 14 columns containing 74 keys
2169  |Info:    [AULA F75] Registering RGB controller
2244  |Info:    [ASUS PRIME B560M-A] Registering RGB controller
2245  |Info:    ------------------------------------------------------
2245  |Info:    |            Detecting libusb HID devices            |
2245  |Info:    ------------------------------------------------------
2258  |Info:    ------------------------------------------------------
2258  |Info:    |              Detecting other devices               |
2258  |Info:    ------------------------------------------------------
2278  |Info:    [ResourceManager] Calling Post-detection callbacks
2278  |Info:    ------------------------------------------------------
2278  |Info:    |                Detection completed                 |
2278  |Info:    ------------------------------------------------------
2278  |Info:    [ProfileManager] Profile loading: Succeeded for AULA F75 @ HID: /dev/hidraw3
2278  |Info:    [ProfileManager] Profile loading: Succeeded for ASUS PRIME B560M-A @ HID: /dev/hidraw0
