    OpenRGB v0.9+ (git1948)
    Commit: f67030fcc7b9bf0688a955821a4ad9ac7b3b238e from 2026-05-18 07:30:37 -0500
    Launched: 20260522_211851
====================================================================================================

2     |Info:    [ProfileManager] Found file: 21.orp attempting to validate header
3     |Info:    [ProfileManager] Valid v5 profile found for 21
78    |Info:    [ResourceManager] Initializing HID interfaces: Success
78    |Info:    ------------------------------------------------------
78    |Info:    |               Start device detection               |
78    |Info:    ------------------------------------------------------
81    |Info:    ------------------------------------------------------
81    |Info:    |             Detecting I2C interfaces               |
81    |Info:    ------------------------------------------------------
81    |Info:    [ResourceManager] Registering I2C interface: Synopsys DesignWare I2C adapter (/dev/i2c-3) Device 0000:0000 Subsystem: 0000:0000
81    |Info:    [ResourceManager] Registering I2C interface: NVIDIA i2c adapter 5 at 1:00.0
 (/dev/i2c-1) Device 10DE:21C4 Subsystem: 1043:873A
81    |Info:    [ResourceManager] Registering I2C interface: NVIDIA GPU I2C adapter (/dev/i2c-4) Device 10DE:1AED Subsystem: 1043:873A
81    |Info:    [ResourceManager] Registering I2C interface: NVIDIA i2c adapter 6 at 1:00.0
 (/dev/i2c-2) Device 10DE:21C4 Subsystem: 1043:873A
81    |Info:    [ResourceManager] Registering I2C interface: NVIDIA i2c adapter 3 at 1:00.0
 (/dev/i2c-0) Device 10DE:21C4 Subsystem: 1043:873A
81    |Info:    [ResourceManager] Registering I2C interface: SMBus I801 adapter at 0000:00:1f.4 (/dev/i2c-5) Device 8086:43A3 Subsystem: 1043:8694
81    |Info:    ------------------------------------------------------
81    |Info:    |               Detecting I2C devices                |
81    |Info:    ------------------------------------------------------
375   |Info:    ------------------------------------------------------
375   |Info:    |            Detecting I2C DIMM modules              |
375   |Info:    ------------------------------------------------------
666   |Info:    [ResourceManager] Detected occupied slot 2, bus 5, type DDR4
1143  |Info:    [ResourceManager] Detected occupied slot 4, bus 5, type DDR4
1587  |Info:    ------------------------------------------------------
1587  |Info:    |               Detecting I2C PCI devices            |
1587  |Info:    ------------------------------------------------------
1588  |Info:    ------------------------------------------------------
1588  |Info:    |               Detecting HID devices                |
1588  |Info:    ------------------------------------------------------
1605  |Info:    [KLM] Created new Seventy Five percent ANSI QWERTY with 6 rows and 14 columns containing 74 keys
1605  |Info:    [AULA F75] Registering RGB controller
1687  |Info:    [ASUS PRIME B560M-A] Registering RGB controller
1687  |Info:    ------------------------------------------------------
1687  |Info:    |            Detecting libusb HID devices            |
1687  |Info:    ------------------------------------------------------
1701  |Info:    ------------------------------------------------------
1702  |Info:    |              Detecting other devices               |
1702  |Info:    ------------------------------------------------------
1722  |Info:    [ResourceManager] Calling Post-detection callbacks
1722  |Info:    ------------------------------------------------------
1722  |Info:    |                Detection completed                 |
1722  |Info:    ------------------------------------------------------
