    OpenRGB v0.9+ (git1948)
    Commit: f67030fcc7b9bf0688a955821a4ad9ac7b3b238e from 2026-05-18 07:30:37 -0500
    Launched: 20260530_223746
====================================================================================================

11    |Info:    [ProfileManager] Found file: 21.orp attempting to validate header
18    |Info:    [ProfileManager] Valid v5 profile found for 21
175   |Info:    [ResourceManager] Initializing HID interfaces: Success
175   |Info:    ------------------------------------------------------
175   |Info:    |               Start device detection               |
175   |Info:    ------------------------------------------------------
177   |Info:    ------------------------------------------------------
177   |Info:    |             Detecting I2C interfaces               |
177   |Info:    ------------------------------------------------------
177   |Info:    [ResourceManager] Registering I2C interface: Synopsys DesignWare I2C adapter (/dev/i2c-3) Device 0000:0000 Subsystem: 0000:0000
177   |Info:    [ResourceManager] Registering I2C interface: NVIDIA i2c adapter 5 at 1:00.0
 (/dev/i2c-1) Device 10DE:21C4 Subsystem: 1043:873A
177   |Info:    [ResourceManager] Registering I2C interface: SMBus I801 adapter at 0000:00:1f.4 (/dev/i2c-4) Device 8086:43A3 Subsystem: 1043:8694
177   |Info:    [ResourceManager] Registering I2C interface: NVIDIA i2c adapter 6 at 1:00.0
 (/dev/i2c-2) Device 10DE:21C4 Subsystem: 1043:873A
177   |Info:    [ResourceManager] Registering I2C interface: NVIDIA i2c adapter 3 at 1:00.0
 (/dev/i2c-0) Device 10DE:21C4 Subsystem: 1043:873A
177   |Info:    [ResourceManager] Registering I2C interface: NVIDIA GPU I2C adapter (/dev/i2c-5) Device 10DE:1AED Subsystem: 1043:873A
177   |Info:    ------------------------------------------------------
177   |Info:    |               Detecting I2C devices                |
177   |Info:    ------------------------------------------------------
470   |Info:    ------------------------------------------------------
830   |Info:    |            Detecting I2C DIMM modules              |
830   |Info:    ------------------------------------------------------
1118  |Info:    [ResourceManager] Detected occupied slot 2, bus 2, type DDR4
1594  |Info:    [ResourceManager] Detected occupied slot 4, bus 2, type DDR4
2034  |Info:    ------------------------------------------------------
2034  |Info:    |               Detecting I2C PCI devices            |
2034  |Info:    ------------------------------------------------------
2036  |Info:    ------------------------------------------------------
2036  |Info:    |               Detecting HID devices                |
2036  |Info:    ------------------------------------------------------
2052  |Info:    [KLM] Created new Seventy Five percent ANSI QWERTY with 6 rows and 14 columns containing 74 keys
2052  |Info:    [AULA F75] Registering RGB controller
2128  |Info:    [ASUS PRIME B560M-A] Registering RGB controller
2128  |Info:    ------------------------------------------------------
2128  |Info:    |            Detecting libusb HID devices            |
2128  |Info:    ------------------------------------------------------
2142  |Info:    ------------------------------------------------------
2142  |Info:    |              Detecting other devices               |
2142  |Info:    ------------------------------------------------------
2158  |Info:    [ResourceManager] Calling Post-detection callbacks
2158  |Info:    ------------------------------------------------------
2158  |Info:    |                Detection completed                 |
2158  |Info:    ------------------------------------------------------
2158  |Info:    [ProfileManager] Profile loading: Succeeded for AULA F75 @ HID: /dev/hidraw3
2159  |Info:    [ProfileManager] Profile loading: Succeeded for ASUS PRIME B560M-A @ HID: /dev/hidraw0
