    OpenRGB v0.9+ (1.0rc2)
    Commit:  from 
    Launched: 20260519_234816
====================================================================================================

62    |Info:    [ResourceManager] Saving detector settings
63    |Info:    [ResourceManager] Initializing HID interfaces: Success
63    |Info:    ------------------------------------------------------
63    |Info:    |               Start device detection               |
63    |Info:    ------------------------------------------------------
65    |Info:    ------------------------------------------------------
65    |Info:    |             Detecting I2C interfaces               |
65    |Info:    ------------------------------------------------------
65    |Info:    [ResourceManager] Registering I2C interface: /dev/i2c-3 Device 0000:0000 Subsystem: 0000:0000
65    |Info:    [ResourceManager] Registering I2C interface: /dev/i2c-1 Device 10DE:21C4 Subsystem: 1043:873A
65    |Info:    [ResourceManager] Registering I2C interface: /dev/i2c-4 Device 10DE:1AED Subsystem: 1043:873A
65    |Info:    [ResourceManager] Registering I2C interface: /dev/i2c-2 Device 10DE:21C4 Subsystem: 1043:873A
65    |Info:    [ResourceManager] Registering I2C interface: /dev/i2c-0 Device 10DE:21C4 Subsystem: 1043:873A
65    |Info:    [ResourceManager] Registering I2C interface: /dev/i2c-5 Device 8086:43A3 Subsystem: 1043:8694
65    |Info:    ------------------------------------------------------
65    |Info:    |               Detecting I2C devices                |
65    |Info:    ------------------------------------------------------
458   |Info:    ------------------------------------------------------
458   |Info:    |            Detecting I2C DIMM modules              |
458   |Info:    ------------------------------------------------------
748   |Info:    [ResourceManager] Detected occupied slot 2, bus 5, type DDR4
1221  |Info:    [ResourceManager] Detected occupied slot 4, bus 5, type DDR4
1663  |Info:    ------------------------------------------------------
1663  |Info:    |               Detecting I2C PCI devices            |
1663  |Info:    ------------------------------------------------------
1664  |Info:    ------------------------------------------------------
1664  |Info:    |               Detecting HID devices                |
1664  |Info:    ------------------------------------------------------
1742  |Info:    [ASUS PRIME B560M-A] Registering RGB controller
1742  |Info:    ------------------------------------------------------
1742  |Info:    |            Detecting libusb HID devices            |
1742  |Info:    ------------------------------------------------------
1748  |Info:    ------------------------------------------------------
1748  |Info:    |              Detecting other devices               |
1748  |Info:    ------------------------------------------------------
1763  |Info:    [ResourceManager] Calling Post-detection callbacks
1763  |Info:    ------------------------------------------------------
1763  |Info:    |                Detection completed                 |
1763  |Info:    ------------------------------------------------------
