    OpenRGB v0.9+ (git1948)
    Commit: f67030fcc7b9bf0688a955821a4ad9ac7b3b238e from 2026-05-18 07:30:37 -0500
    Launched: 20260609_122123
====================================================================================================

15    |Info:    [ProfileManager] Found file: 21.orp attempting to validate header
22    |Info:    [ProfileManager] Valid v5 profile found for 21
224   |Info:    [ResourceManager] Initializing HID interfaces: Success
224   |Info:    ------------------------------------------------------
224   |Info:    |               Start device detection               |
224   |Info:    ------------------------------------------------------
226   |Info:    ------------------------------------------------------
226   |Info:    |             Detecting I2C interfaces               |
226   |Info:    ------------------------------------------------------
226   |Info:    [ResourceManager] Registering I2C interface: Synopsys DesignWare I2C adapter (/dev/i2c-3) Device 0000:0000 Subsystem: 0000:0000
226   |Info:    [ResourceManager] Registering I2C interface: NVIDIA i2c adapter 5 at 1:00.0
 (/dev/i2c-1) Device 10DE:21C4 Subsystem: 1043:873A
226   |Info:    [ResourceManager] Registering I2C interface: NVIDIA GPU I2C adapter (/dev/i2c-4) Device 10DE:1AED Subsystem: 1043:873A
226   |Info:    [ResourceManager] Registering I2C interface: NVIDIA i2c adapter 6 at 1:00.0
 (/dev/i2c-2) Device 10DE:21C4 Subsystem: 1043:873A
226   |Info:    [ResourceManager] Registering I2C interface: NVIDIA i2c adapter 3 at 1:00.0
 (/dev/i2c-0) Device 10DE:21C4 Subsystem: 1043:873A
226   |Info:    [ResourceManager] Registering I2C interface: SMBus I801 adapter at 0000:00:1f.4 (/dev/i2c-5) Device 8086:43A3 Subsystem: 1043:8694
226   |Info:    ------------------------------------------------------
226   |Info:    |               Detecting I2C devices                |
226   |Info:    ------------------------------------------------------
528   |Info:    ------------------------------------------------------
528   |Info:    |            Detecting I2C DIMM modules              |
528   |Info:    ------------------------------------------------------
816   |Info:    [ResourceManager] Detected occupied slot 2, bus 5, type DDR4
1288  |Info:    [ResourceManager] Detected occupied slot 4, bus 5, type DDR4
1732  |Info:    ------------------------------------------------------
1732  |Info:    |               Detecting I2C PCI devices            |
1732  |Info:    ------------------------------------------------------
1734  |Info:    ------------------------------------------------------
1734  |Info:    |               Detecting HID devices                |
1734  |Info:    ------------------------------------------------------
1762  |Info:    [KLM] Created new Seventy Five percent ANSI QWERTY with 6 rows and 14 columns containing 74 keys
1762  |Info:    [AULA F75] Registering RGB controller
1842  |Info:    [ASUS PRIME B560M-A] Registering RGB controller
1843  |Info:    ------------------------------------------------------
1843  |Info:    |            Detecting libusb HID devices            |
1843  |Info:    ------------------------------------------------------
1857  |Info:    ------------------------------------------------------
1857  |Info:    |              Detecting other devices               |
1857  |Info:    ------------------------------------------------------
1875  |Info:    [ResourceManager] Calling Post-detection callbacks
1875  |Info:    ------------------------------------------------------
1875  |Info:    |                Detection completed                 |
1875  |Info:    ------------------------------------------------------
1875  |Info:    [ProfileManager] Profile loading: Succeeded for AULA F75 @ HID: /dev/hidraw3
1875  |Info:    [ProfileManager] Profile loading: Succeeded for ASUS PRIME B560M-A @ HID: /dev/hidraw0
